<?xml version="1.0" encoding="UTF-8"?>
<!-- Generated by org.testng.reporters.JUnitReportReporter -->
<testsuite hostname="LAPTOP-BEHQ30E2" failures="0" tests="1" name="Axis.DataDrivenTesting.WriteIntoExcel" time="12.557" errors="0" timestamp="2024-02-27T14:00:38 IST" skipped="0">
  <testcase classname="Axis.DataDrivenTesting.WriteIntoExcel" name="FBLogin" time="12.557"/>
  <system-out/>
</testsuite> <!-- Axis.DataDrivenTesting.WriteIntoExcel -->
