<?xml version="1.0" encoding="UTF-8"?>
<!-- Generated by org.testng.reporters.JUnitReportReporter -->
<testsuite hostname="LAPTOP-BEHQ30E2" failures="0" tests="1" name="Axis.DataDrivenTesting.ReadExcel" time="13.337" errors="0" timestamp="2024-02-27T12:47:31 IST" skipped="0">
  <testcase classname="Axis.DataDrivenTesting.ReadExcel" name="FBLogin" time="13.337"/>
  <system-out/>
</testsuite> <!-- Axis.DataDrivenTesting.ReadExcel -->
